<?xml version="1.0" encoding="UTF-8"?>
<!-- Generated by org.testng.reporters.JUnitXMLReporter -->
<testsuite hostname="xiaoluo-PC" ignored="2" name="Test" tests="1" failures="0" timestamp="11 三月 2017 08:10:06 GMT" time="0.061" errors="0">
  <testcase name="test2" time="0.017" classname="testtestng.test"/>
  <testcase name="test" time="0.0" classname="testtestng.test">
    <ignored/>
  </testcase> <!-- test -->
  <testcase name="test1" time="0.0" classname="testtestng.test">
    <ignored/>
  </testcase> <!-- test1 -->
</testsuite> <!-- Test -->
