<?xml version="1.0" encoding="UTF-8"?>
<testng-results skipped="0" failed="0" ignored="0" total="1" passed="1">
  <reporter-output>
  </reporter-output>
  <suite name="Default suite" duration-ms="8905" started-at="2017-03-12T06:44:22Z" finished-at="2017-03-12T06:44:31Z">
    <groups>
    </groups>
    <test name="Default test" duration-ms="8905" started-at="2017-03-12T06:44:22Z" finished-at="2017-03-12T06:44:31Z">
      <class name="testtestng.test1">
        <test-method status="PASS" signature="tes1()[pri:0, instance:testtestng.test1@7567e1fa]" name="tes1" duration-ms="8722" started-at="2017-03-12T14:44:22Z" finished-at="2017-03-12T14:44:31Z">
          <reporter-output>
          </reporter-output>
        </test-method> <!-- tes1 -->
      </class> <!-- testtestng.test1 -->
    </test> <!-- Default test -->
  </suite> <!-- Default suite -->
</testng-results>
